e:\choijiwon\d3d11study\output\kd3dlib\kd3dlib.pdb
e:\choijiwon\d3d11study\output\kd3dlib\kd3dlib.idb
e:\choijiwon\d3d11study\output\kd3dlib\obj\kmath.obj
e:\choijiwon\d3d11study\output\kd3dlib\obj\kwrite.obj
e:\choijiwon\d3d11study\output\kd3dlib\obj\kwindow.obj
e:\choijiwon\d3d11study\output\kd3dlib\obj\ktimer.obj
e:\choijiwon\d3d11study\output\kd3dlib\obj\kstate.obj
e:\choijiwon\d3d11study\output\kd3dlib\obj\ksound.obj
e:\choijiwon\d3d11study\output\kd3dlib\obj\kinput.obj
e:\choijiwon\d3d11study\output\kd3dlib\obj\kdevice.obj
e:\choijiwon\d3d11study\output\kd3dlib\obj\kcore.obj
e:\choijiwon\d3d11study\output\kd3dlib\obj\kcamera.obj
e:\choijiwon\d3d11study\output\kd3dlib\obj\imgui_widgets.obj
e:\choijiwon\d3d11study\output\kd3dlib\obj\imgui_impl_win32.obj
e:\choijiwon\d3d11study\output\kd3dlib\obj\imgui_impl_dx11.obj
e:\choijiwon\d3d11study\output\kd3dlib\obj\imgui_draw.obj
e:\choijiwon\d3d11study\output\kd3dlib\obj\imgui_demo.obj
e:\choijiwon\d3d11study\output\kd3dlib\obj\imgui.obj
e:\choijiwon\d3d11study\output\kd3dlib\obj\imguimanager.obj
e:\choijiwon\d3d11study\source_d3d11\kd3dlib\pixelshader.cso
e:\choijiwon\d3d11study\source_d3d11\kd3dlib\vertexshader.cso
e:\choijiwon\d3d11study\output\kd3dlib\kd3dlib.lib
e:\choijiwon\d3d11study\output\kd3dlib\obj\kd3dlib1.res
e:\choijiwon\d3d11study\output\kd3dlib\obj\kd3dlib.tlog\cl.command.1.tlog
e:\choijiwon\d3d11study\output\kd3dlib\obj\kd3dlib.tlog\cl.read.1.tlog
e:\choijiwon\d3d11study\output\kd3dlib\obj\kd3dlib.tlog\cl.write.1.tlog
e:\choijiwon\d3d11study\output\kd3dlib\obj\kd3dlib.tlog\fxc.command.1.tlog
e:\choijiwon\d3d11study\output\kd3dlib\obj\kd3dlib.tlog\fxc.read.1.tlog
e:\choijiwon\d3d11study\output\kd3dlib\obj\kd3dlib.tlog\fxc.write.1.tlog
e:\choijiwon\d3d11study\output\kd3dlib\obj\kd3dlib.tlog\lib-link-cvtres.read.1.tlog
e:\choijiwon\d3d11study\output\kd3dlib\obj\kd3dlib.tlog\lib-link-cvtres.write.1.tlog
e:\choijiwon\d3d11study\output\kd3dlib\obj\kd3dlib.tlog\lib.command.1.tlog
e:\choijiwon\d3d11study\output\kd3dlib\obj\kd3dlib.tlog\rc.command.1.tlog
e:\choijiwon\d3d11study\output\kd3dlib\obj\kd3dlib.tlog\rc.read.1.tlog
e:\choijiwon\d3d11study\output\kd3dlib\obj\kd3dlib.tlog\rc.write.1.tlog
