e:\choijiwon\d3d11study\output\imgui\vc142.pdb
e:\choijiwon\d3d11study\output\imgui\vc142.idb
e:\choijiwon\d3d11study\output\imgui\sample.obj
e:\choijiwon\d3d11study\output\imgui\kwrite.obj
e:\choijiwon\d3d11study\output\imgui\kwindow.obj
e:\choijiwon\d3d11study\output\imgui\ktimer.obj
e:\choijiwon\d3d11study\output\imgui\kstate.obj
e:\choijiwon\d3d11study\output\imgui\ksound.obj
e:\choijiwon\d3d11study\output\imgui\kinput.obj
e:\choijiwon\d3d11study\output\imgui\kdevice.obj
e:\choijiwon\d3d11study\output\imgui\kcore.obj
e:\choijiwon\d3d11study\output\imgui\imgui_widgets.obj
e:\choijiwon\d3d11study\output\imgui\imgui_impl_win32.obj
e:\choijiwon\d3d11study\output\imgui\imgui_impl_dx11.obj
e:\choijiwon\d3d11study\output\imgui\imgui_draw.obj
e:\choijiwon\d3d11study\output\imgui\imgui_demo.obj
e:\choijiwon\d3d11study\output\imgui\imgui.obj
e:\choijiwon\d3d11study\output\imgui\imguimanager.obj
e:\choijiwon\d3d11study\source_d3d11\sample_imgui\pixelshader.cso
e:\choijiwon\d3d11study\source_d3d11\sample_imgui\vertexshader.cso
e:\choijiwon\d3d11study\output\imgui\sample_imgui.exe
e:\choijiwon\d3d11study\output\imgui\sample_imgui.ilk
e:\choijiwon\d3d11study\output\imgui\sample_imgui.pdb
e:\choijiwon\d3d11study\output\imgui\sample_imgui.res
e:\choijiwon\d3d11study\output\imgui\../../output/imgui/sample_imgui.pdb
e:\choijiwon\d3d11study\output\imgui\../../output/imgui/sample_imgui.ilk
e:\choijiwon\d3d11study\output\imgui\sample_imgui.tlog\cl.command.1.tlog
e:\choijiwon\d3d11study\output\imgui\sample_imgui.tlog\cl.read.1.tlog
e:\choijiwon\d3d11study\output\imgui\sample_imgui.tlog\cl.write.1.tlog
e:\choijiwon\d3d11study\output\imgui\sample_imgui.tlog\fxc.command.1.tlog
e:\choijiwon\d3d11study\output\imgui\sample_imgui.tlog\fxc.read.1.tlog
e:\choijiwon\d3d11study\output\imgui\sample_imgui.tlog\fxc.write.1.tlog
e:\choijiwon\d3d11study\output\imgui\sample_imgui.tlog\link.command.1.tlog
e:\choijiwon\d3d11study\output\imgui\sample_imgui.tlog\link.read.1.tlog
e:\choijiwon\d3d11study\output\imgui\sample_imgui.tlog\link.write.1.tlog
e:\choijiwon\d3d11study\output\imgui\sample_imgui.tlog\rc.command.1.tlog
e:\choijiwon\d3d11study\output\imgui\sample_imgui.tlog\rc.read.1.tlog
e:\choijiwon\d3d11study\output\imgui\sample_imgui.tlog\rc.write.1.tlog
