d:\project\d3d11study\ouput\project1\obj\vc142.pdb
d:\project\d3d11study\ouput\project1\obj\vc142.idb
d:\project\d3d11study\ouput\project1\obj\xnacollision.obj
d:\project\d3d11study\ouput\project1\obj\waves.obj
d:\project\d3d11study\ouput\project1\obj\texturemgr.obj
d:\project\d3d11study\ouput\project1\obj\mathhelper.obj
d:\project\d3d11study\ouput\project1\obj\lighthelper.obj
d:\project\d3d11study\ouput\project1\obj\geometrygenerator.obj
d:\project\d3d11study\ouput\project1\obj\gametimer.obj
d:\project\d3d11study\ouput\project1\obj\d3dutil.obj
d:\project\d3d11study\ouput\project1\obj\d3dapp.obj
d:\project\d3d11study\ouput\project1\obj\camera.obj
d:\project\d3d11study\ouput\project1\obj\project1.tlog\cl.command.1.tlog
d:\project\d3d11study\ouput\project1\obj\project1.tlog\cl.read.1.tlog
d:\project\d3d11study\ouput\project1\obj\project1.tlog\cl.write.1.tlog
d:\project\d3d11study\ouput\project1\obj\project1.tlog\link-cvtres.read.1.tlog
d:\project\d3d11study\ouput\project1\obj\project1.tlog\link-cvtres.write.1.tlog
d:\project\d3d11study\ouput\project1\obj\project1.tlog\link-rc.read.1.tlog
d:\project\d3d11study\ouput\project1\obj\project1.tlog\link-rc.write.1.tlog
d:\project\d3d11study\ouput\project1\obj\project1.tlog\link.command.1.tlog
d:\project\d3d11study\ouput\project1\obj\project1.tlog\link.read.1.tlog
d:\project\d3d11study\ouput\project1\obj\project1.tlog\link.write.1.tlog
