e:\choijiwon\d3d11study\output\enginecored\enginecored.pdb
e:\choijiwon\d3d11study\output\enginecored\enginecored.idb
e:\choijiwon\d3d11study\output\enginecored\ktimer.obj
e:\choijiwon\d3d11study\output\enginecored\ksound.obj
e:\choijiwon\d3d11study\output\enginecored\kinput.obj
e:\choijiwon\d3d11study\output\enginecored\kdevice.obj
e:\choijiwon\d3d11study\output\enginecored\kcore.obj
e:\choijiwon\d3d11study\output\enginecored\ktexture.obj
e:\choijiwon\d3d11study\output\enginecored\kshape.obj
e:\choijiwon\d3d11study\output\enginecored\kdxstate.obj
e:\choijiwon\d3d11study\output\enginecored\krendertarget.obj
e:\choijiwon\d3d11study\output\enginecored\kquadtree.obj
e:\choijiwon\d3d11study\output\enginecored\knode.obj
e:\choijiwon\d3d11study\output\enginecored\kmesh.obj
e:\choijiwon\d3d11study\output\enginecored\kmath.obj
e:\choijiwon\d3d11study\output\enginecored\kmap.obj
e:\choijiwon\d3d11study\output\enginecored\kfbxobj.obj
e:\choijiwon\d3d11study\output\enginecored\kfbxmeshdata.obj
e:\choijiwon\d3d11study\output\enginecored\kfbxanimation.obj
e:\choijiwon\d3d11study\output\enginecored\kdepthstencil.obj
e:\choijiwon\d3d11study\output\enginecored\kcamera.obj
e:\choijiwon\d3d11study\output\enginecored\kwrite.obj
e:\choijiwon\d3d11study\output\enginecored\kwindow.obj
e:\choijiwon\d3d11study\output\enginecored\kmodel.obj
e:\choijiwon\d3d11study\output\enginecored\enginecored.lib
e:\choijiwon\d3d11study\output\enginecored\../../output/enginecored\enginecored.pdb
e:\choijiwon\d3d11study\output\enginecored\enginecored.tlog\cl.command.1.tlog
e:\choijiwon\d3d11study\output\enginecored\enginecored.tlog\cl.read.1.tlog
e:\choijiwon\d3d11study\output\enginecored\enginecored.tlog\cl.write.1.tlog
e:\choijiwon\d3d11study\output\enginecored\enginecored.tlog\lib-link.read.1.tlog
e:\choijiwon\d3d11study\output\enginecored\enginecored.tlog\lib-link.write.1.tlog
e:\choijiwon\d3d11study\output\enginecored\enginecored.tlog\lib.command.1.tlog
