C:\Program Files (x86)\Microsoft Visual Studio\2019\Professional\MSBuild\Microsoft\VC\v160\Microsoft.CppBuild.targets(498,5): warning MSB8004: Intermediate 디렉터리가 슬래시로 끝나지 않습니다. Intermediate 디렉터리의 적절한 평가를 허용하는 데 필요하므로 이 빌드 인스턴스에서 슬래시를 추가합니다.
C:\Program Files (x86)\Microsoft Visual Studio\2019\Professional\MSBuild\Microsoft\VC\v160\Microsoft.CppBuild.targets(499,5): warning MSB8004: Output 디렉터리가 슬래시로 끝나지 않습니다. Output 디렉터리의 적절한 평가를 허용하는 데 필요하므로 이 빌드 인스턴스에서 슬래시를 추가합니다.
C:\Program Files (x86)\Microsoft Visual Studio\2019\Professional\MSBuild\Microsoft\VC\v160\Microsoft.CppBuild.targets(513,5): warning MSB8028: 중간 디렉터리(../../output/EngineCoreD\)에 다른 프로젝트(EngineCoreD.vcxproj)에서 공유하는 파일이 포함되어 있습니다.  이로 인해 잘못된 정리 및 다시 빌드 동작이 수행될 수 있습니다.
  KCamera.cpp
E:\Choijiwon\d3d11Study\Source_d3d11\KEngine\KMath.h(550,9): warning C4244: '=': 'double'에서 'float'(으)로 변환하면서 데이터가 손실될 수 있습니다.
  KDepthStencil.cpp
E:\Choijiwon\d3d11Study\Source_d3d11\KEngine\KMath.h(550,9): warning C4244: '=': 'double'에서 'float'(으)로 변환하면서 데이터가 손실될 수 있습니다.
  KFbxAnimation.cpp
E:\Choijiwon\d3d11Study\Source_d3d11\KEngine\KMath.h(550,9): warning C4244: '=': 'double'에서 'float'(으)로 변환하면서 데이터가 손실될 수 있습니다.
E:\Choijiwon\d3d11Study\Source_d3d11\KEngine\KFbxAnimation.cpp(6,41): warning C4244: '=': 'float'에서 'int'(으)로 변환하면서 데이터가 손실될 수 있습니다.
E:\Choijiwon\d3d11Study\Source_d3d11\KEngine\KFbxAnimation.cpp(77,72): warning C4244: '인수': 'double'에서 '_Ty'(으)로 변환하면서 데이터가 손실될 수 있습니다.
          with
          [
              _Ty=float
          ]
E:\Choijiwon\d3d11Study\Source_d3d11\KEngine\KFbxAnimation.cpp(93,19): warning C4244: '초기화 중': 'double'에서 'float'(으)로 변환하면서 데이터가 손실될 수 있습니다.
  KFbxMeshData.cpp
E:\Choijiwon\d3d11Study\Source_d3d11\KEngine\KMath.h(550,9): warning C4244: '=': 'double'에서 'float'(으)로 변환하면서 데이터가 손실될 수 있습니다.
  KFbxObj.cpp
E:\Choijiwon\d3d11Study\Source_d3d11\KEngine\KMath.h(550,9): warning C4244: '=': 'double'에서 'float'(으)로 변환하면서 데이터가 손실될 수 있습니다.
E:\Choijiwon\d3d11Study\Source_d3d11\KEngine\KFbxObj.cpp(66,32): warning C4244: '=': 'float'에서 'int'(으)로 변환하면서 데이터가 손실될 수 있습니다.
E:\Choijiwon\d3d11Study\Source_d3d11\KEngine\KFbxObj.cpp(171,29): warning C4244: '=': 'double'에서 'float'(으)로 변환하면서 데이터가 손실될 수 있습니다.
E:\Choijiwon\d3d11Study\Source_d3d11\KEngine\KFbxObj.cpp(183,29): warning C4244: '=': 'double'에서 'float'(으)로 변환하면서 데이터가 손실될 수 있습니다.
E:\Choijiwon\d3d11Study\Source_d3d11\KEngine\KFbxObj.cpp(532,33): warning C4244: '=': 'T'에서 'float'(으)로 변환하면서 데이터가 손실될 수 있습니다.
          with
          [
              T=fbxsdk::FbxDouble
          ]
E:\Choijiwon\d3d11Study\Source_d3d11\KEngine\KFbxObj.cpp(533,33): warning C4244: '=': 'T'에서 'float'(으)로 변환하면서 데이터가 손실될 수 있습니다.
          with
          [
              T=fbxsdk::FbxDouble
          ]
E:\Choijiwon\d3d11Study\Source_d3d11\KEngine\KFbxObj.cpp(534,33): warning C4244: '=': 'T'에서 'float'(으)로 변환하면서 데이터가 손실될 수 있습니다.
          with
          [
              T=fbxsdk::FbxDouble
          ]
E:\Choijiwon\d3d11Study\Source_d3d11\KEngine\KFbxObj.cpp(546,32): warning C4244: '=': 'T'에서 'float'(으)로 변환하면서 데이터가 손실될 수 있습니다.
          with
          [
              T=fbxsdk::FbxDouble
          ]
E:\Choijiwon\d3d11Study\Source_d3d11\KEngine\KFbxObj.cpp(547,27): warning C4244: '=': 'T'에서 'float'(으)로 변환하면서 데이터가 손실될 수 있습니다.
          with
          [
              T=fbxsdk::FbxDouble
          ]
E:\Choijiwon\d3d11Study\Source_d3d11\KEngine\KFbxObj.cpp(560,29): warning C4244: '=': 'double'에서 'float'(으)로 변환하면서 데이터가 손실될 수 있습니다.
E:\Choijiwon\d3d11Study\Source_d3d11\KEngine\KFbxObj.cpp(561,29): warning C4244: '=': 'double'에서 'float'(으)로 변환하면서 데이터가 손실될 수 있습니다.
E:\Choijiwon\d3d11Study\Source_d3d11\KEngine\KFbxObj.cpp(562,29): warning C4244: '=': 'double'에서 'float'(으)로 변환하면서 데이터가 손실될 수 있습니다.
E:\Choijiwon\d3d11Study\Source_d3d11\KEngine\KFbxObj.cpp(575,39): warning C4244: '=': 'T'에서 'float'(으)로 변환하면서 데이터가 손실될 수 있습니다.
          with
          [
              T=fbxsdk::FbxDouble
          ]
E:\Choijiwon\d3d11Study\Source_d3d11\KEngine\KFbxObj.cpp(576,39): warning C4244: '=': 'T'에서 'float'(으)로 변환하면서 데이터가 손실될 수 있습니다.
          with
          [
              T=fbxsdk::FbxDouble
          ]
E:\Choijiwon\d3d11Study\Source_d3d11\KEngine\KFbxObj.cpp(577,39): warning C4244: '=': 'T'에서 'float'(으)로 변환하면서 데이터가 손실될 수 있습니다.
          with
          [
              T=fbxsdk::FbxDouble
          ]
E:\Choijiwon\d3d11Study\Source_d3d11\KEngine\KFbxObj.cpp(584,60): warning C4267: '초기화 중': 'size_t'에서 'int'(으)로 변환하면서 데이터가 손실될 수 있습니다.
E:\Choijiwon\d3d11Study\Source_d3d11\KEngine\KFbxObj.cpp(588,56): warning C4244: '=': '_Ty'에서 'float'(으)로 변환하면서 데이터가 손실될 수 있습니다.
          with
          [
              _Ty=int
          ]
  KMap.cpp
E:\Choijiwon\d3d11Study\Source_d3d11\KEngine\KMath.h(550,9): warning C4244: '=': 'double'에서 'float'(으)로 변환하면서 데이터가 손실될 수 있습니다.
  KMath.cpp
E:\Choijiwon\d3d11Study\Source_d3d11\KEngine\KMath.h(550,9): warning C4244: '=': 'double'에서 'float'(으)로 변환하면서 데이터가 손실될 수 있습니다.
  KMesh.cpp
E:\Choijiwon\d3d11Study\Source_d3d11\KEngine\KMath.h(550,9): warning C4244: '=': 'double'에서 'float'(으)로 변환하면서 데이터가 손실될 수 있습니다.
E:\Choijiwon\d3d11Study\Source_d3d11\KEngine\KMesh.cpp(28,56): warning C4267: '=': 'size_t'에서 'UINT'(으)로 변환하면서 데이터가 손실될 수 있습니다.
  KModel.cpp
E:\Choijiwon\d3d11Study\Source_d3d11\KEngine\KMath.h(550,9): warning C4244: '=': 'double'에서 'float'(으)로 변환하면서 데이터가 손실될 수 있습니다.
E:\Choijiwon\d3d11Study\Source_d3d11\KEngine\KModel.cpp(40,24): warning C4477: 'swscanf_s' : 서식 문자열 '%s'에 'unsigned int' 형식의 인수가 필요하지만 variadic 인수 2의 형식이 'unsigned __int64'입니다.
E:\Choijiwon\d3d11Study\Source_d3d11\KEngine\KModel.cpp(40,24): message : 이 인수는 버퍼 크기로 사용됩니다.
E:\Choijiwon\d3d11Study\Source_d3d11\KEngine\KModel.cpp(92,56): warning C4267: '=': 'size_t'에서 'UINT'(으)로 변환하면서 데이터가 손실될 수 있습니다.
E:\Choijiwon\d3d11Study\Source_d3d11\KEngine\KModel.cpp(109,54): warning C4267: '=': 'size_t'에서 'UINT'(으)로 변환하면서 데이터가 손실될 수 있습니다.
E:\Choijiwon\d3d11Study\Source_d3d11\KEngine\KModel.cpp(118,37): warning C4267: '=': 'size_t'에서 'UINT'(으)로 변환하면서 데이터가 손실될 수 있습니다.
E:\Choijiwon\d3d11Study\Source_d3d11\KEngine\KModel.cpp(287,47): warning C4267: '인수': 'size_t'에서 'UINT'(으)로 변환하면서 데이터가 손실될 수 있습니다.
  KNode.cpp
E:\Choijiwon\d3d11Study\Source_d3d11\KEngine\KMath.h(550,9): warning C4244: '=': 'double'에서 'float'(으)로 변환하면서 데이터가 손실될 수 있습니다.
  KQuadtree.cpp
E:\Choijiwon\d3d11Study\Source_d3d11\KEngine\KMath.h(550,9): warning C4244: '=': 'double'에서 'float'(으)로 변환하면서 데이터가 손실될 수 있습니다.
E:\Choijiwon\d3d11Study\Source_d3d11\KEngine\KQuadtree.cpp(36,21): warning C4477: 'swscanf_s' : 서식 문자열 '%s'에 'unsigned int' 형식의 인수가 필요하지만 variadic 인수 2의 형식이 'unsigned __int64'입니다.
E:\Choijiwon\d3d11Study\Source_d3d11\KEngine\KQuadtree.cpp(36,21): message : 이 인수는 버퍼 크기로 사용됩니다.
E:\Choijiwon\d3d11Study\Source_d3d11\KEngine\KQuadtree.cpp(40,21): warning C4477: 'swscanf_s' : 서식 문자열 '%s'에 'unsigned int' 형식의 인수가 필요하지만 variadic 인수 2의 형식이 'unsigned __int64'입니다.
E:\Choijiwon\d3d11Study\Source_d3d11\KEngine\KQuadtree.cpp(40,21): message : 이 인수는 버퍼 크기로 사용됩니다.
E:\Choijiwon\d3d11Study\Source_d3d11\KEngine\KQuadtree.cpp(53,23): warning C4477: 'swscanf_s' : 서식 문자열 '%s'에 'unsigned int' 형식의 인수가 필요하지만 variadic 인수 3의 형식이 'unsigned __int64'입니다.
E:\Choijiwon\d3d11Study\Source_d3d11\KEngine\KQuadtree.cpp(53,23): message : 이 인수는 버퍼 크기로 사용됩니다.
E:\Choijiwon\d3d11Study\Source_d3d11\KEngine\KQuadtree.cpp(84,62): warning C4267: '=': 'size_t'에서 'UINT'(으)로 변환하면서 데이터가 손실될 수 있습니다.
E:\Choijiwon\d3d11Study\Source_d3d11\KEngine\KQuadtree.cpp(130,51): warning C4267: '=': 'size_t'에서 'UINT'(으)로 변환하면서 데이터가 손실될 수 있습니다.
E:\Choijiwon\d3d11Study\Source_d3d11\KEngine\KQuadtree.cpp(169,66): warning C4267: '=': 'size_t'에서 'UINT'(으)로 변환하면서 데이터가 손실될 수 있습니다.
E:\Choijiwon\d3d11Study\Source_d3d11\KEngine\KQuadtree.cpp(225,71): warning C4267: '=': 'size_t'에서 'UINT'(으)로 변환하면서 데이터가 손실될 수 있습니다.
E:\Choijiwon\d3d11Study\Source_d3d11\KEngine\KQuadtree.cpp(230,71): warning C4267: '=': 'size_t'에서 'UINT'(으)로 변환하면서 데이터가 손실될 수 있습니다.
E:\Choijiwon\d3d11Study\Source_d3d11\KEngine\KQuadtree.cpp(235,34): warning C4267: '=': 'size_t'에서 'UINT'(으)로 변환하면서 데이터가 손실될 수 있습니다.
E:\Choijiwon\d3d11Study\Source_d3d11\KEngine\KQuadtree.cpp(258,51): warning C4244: '인수': 'int'에서 'float'(으)로 변환하면서 데이터가 손실될 수 있습니다.
E:\Choijiwon\d3d11Study\Source_d3d11\KEngine\KQuadtree.cpp(258,16): warning C4244: '인수': 'int'에서 'float'(으)로 변환하면서 데이터가 손실될 수 있습니다.
E:\Choijiwon\d3d11Study\Source_d3d11\KEngine\KQuadtree.cpp(257,48): warning C4244: '인수': 'int'에서 'float'(으)로 변환하면서 데이터가 손실될 수 있습니다.
E:\Choijiwon\d3d11Study\Source_d3d11\KEngine\KQuadtree.cpp(262,30): warning C4244: '=': 'double'에서 'UINT'(으)로 변환하면서 데이터가 손실될 수 있습니다.
E:\Choijiwon\d3d11Study\Source_d3d11\KEngine\KQuadtree.cpp(263,32): warning C4244: '=': 'double'에서 'UINT'(으)로 변환하면서 데이터가 손실될 수 있습니다.
E:\Choijiwon\d3d11Study\Source_d3d11\KEngine\KQuadtree.cpp(299,4): warning C4244: '인수': 'int'에서 'float'(으)로 변환하면서 데이터가 손실될 수 있습니다.
E:\Choijiwon\d3d11Study\Source_d3d11\KEngine\KQuadtree.cpp(298,4): warning C4244: '인수': 'int'에서 'float'(으)로 변환하면서 데이터가 손실될 수 있습니다.
E:\Choijiwon\d3d11Study\Source_d3d11\KEngine\KQuadtree.cpp(297,4): warning C4244: '인수': 'int'에서 'float'(으)로 변환하면서 데이터가 손실될 수 있습니다.
E:\Choijiwon\d3d11Study\Source_d3d11\KEngine\KQuadtree.cpp(296,63): warning C4244: '인수': '_Ty'에서 'float'(으)로 변환하면서 데이터가 손실될 수 있습니다.
          with
          [
              _Ty=DWORD
          ]
E:\Choijiwon\d3d11Study\Source_d3d11\KEngine\KQuadtree.cpp(305,4): warning C4244: '인수': 'int'에서 'float'(으)로 변환하면서 데이터가 손실될 수 있습니다.
E:\Choijiwon\d3d11Study\Source_d3d11\KEngine\KQuadtree.cpp(304,4): warning C4244: '인수': 'int'에서 'float'(으)로 변환하면서 데이터가 손실될 수 있습니다.
E:\Choijiwon\d3d11Study\Source_d3d11\KEngine\KQuadtree.cpp(303,25): warning C4244: '인수': '_Ty'에서 'float'(으)로 변환하면서 데이터가 손실될 수 있습니다.
          with
          [
              _Ty=DWORD
          ]
E:\Choijiwon\d3d11Study\Source_d3d11\KEngine\KQuadtree.cpp(302,42): warning C4244: '인수': 'int'에서 'float'(으)로 변환하면서 데이터가 손실될 수 있습니다.
E:\Choijiwon\d3d11Study\Source_d3d11\KEngine\KQuadtree.cpp(311,4): warning C4244: '인수': 'int'에서 'float'(으)로 변환하면서 데이터가 손실될 수 있습니다.
E:\Choijiwon\d3d11Study\Source_d3d11\KEngine\KQuadtree.cpp(310,25): warning C4244: '인수': '_Ty'에서 'float'(으)로 변환하면서 데이터가 손실될 수 있습니다.
          with
          [
              _Ty=DWORD
          ]
E:\Choijiwon\d3d11Study\Source_d3d11\KEngine\KQuadtree.cpp(309,4): warning C4244: '인수': 'int'에서 'float'(으)로 변환하면서 데이터가 손실될 수 있습니다.
E:\Choijiwon\d3d11Study\Source_d3d11\KEngine\KQuadtree.cpp(308,42): warning C4244: '인수': 'int'에서 'float'(으)로 변환하면서 데이터가 손실될 수 있습니다.
E:\Choijiwon\d3d11Study\Source_d3d11\KEngine\KQuadtree.cpp(317,25): warning C4244: '인수': '_Ty'에서 'float'(으)로 변환하면서 데이터가 손실될 수 있습니다.
          with
          [
              _Ty=DWORD
          ]
E:\Choijiwon\d3d11Study\Source_d3d11\KEngine\KQuadtree.cpp(316,4): warning C4244: '인수': 'int'에서 'float'(으)로 변환하면서 데이터가 손실될 수 있습니다.
E:\Choijiwon\d3d11Study\Source_d3d11\KEngine\KQuadtree.cpp(315,4): warning C4244: '인수': 'int'에서 'float'(으)로 변환하면서 데이터가 손실될 수 있습니다.
E:\Choijiwon\d3d11Study\Source_d3d11\KEngine\KQuadtree.cpp(314,42): warning C4244: '인수': 'int'에서 'float'(으)로 변환하면서 데이터가 손실될 수 있습니다.
E:\Choijiwon\d3d11Study\Source_d3d11\KEngine\KQuadtree.cpp(323,19): warning C4018: '<': signed 또는 unsigned가 일치하지 않습니다.
E:\Choijiwon\d3d11Study\Source_d3d11\KEngine\KQuadtree.cpp(401,26): warning C4018: '<': signed 또는 unsigned가 일치하지 않습니다.
E:\Choijiwon\d3d11Study\Source_d3d11\KEngine\KQuadtree.cpp(417,26): warning C4018: '<': signed 또는 unsigned가 일치하지 않습니다.
E:\Choijiwon\d3d11Study\Source_d3d11\KEngine\KQuadtree.cpp(430,33): warning C4244: '인수': 'float'에서 'UINT'(으)로 변환하면서 데이터가 손실될 수 있습니다.
E:\Choijiwon\d3d11Study\Source_d3d11\KEngine\KQuadtree.cpp(430,31): warning C4244: '인수': 'float'에서 'UINT'(으)로 변환하면서 데이터가 손실될 수 있습니다.
E:\Choijiwon\d3d11Study\Source_d3d11\KEngine\KQuadtree.cpp(430,29): warning C4244: '인수': 'float'에서 'UINT'(으)로 변환하면서 데이터가 손실될 수 있습니다.
E:\Choijiwon\d3d11Study\Source_d3d11\KEngine\KQuadtree.cpp(430,27): warning C4244: '인수': 'float'에서 'UINT'(으)로 변환하면서 데이터가 손실될 수 있습니다.
  KRenderTarget.cpp
E:\Choijiwon\d3d11Study\Source_d3d11\KEngine\KMath.h(550,9): warning C4244: '=': 'double'에서 'float'(으)로 변환하면서 데이터가 손실될 수 있습니다.
E:\Choijiwon\d3d11Study\Source_d3d11\KEngine\KRenderTarget.cpp(140,21): warning C4244: '=': 'UINT'에서 'FLOAT'(으)로 변환하면서 데이터가 손실될 수 있습니다.
E:\Choijiwon\d3d11Study\Source_d3d11\KEngine\KRenderTarget.cpp(141,22): warning C4244: '=': 'UINT'에서 'FLOAT'(으)로 변환하면서 데이터가 손실될 수 있습니다.
  KDXState.cpp
E:\Choijiwon\d3d11Study\Source_d3d11\KEngine\KMath.h(550,9): warning C4244: '=': 'double'에서 'float'(으)로 변환하면서 데이터가 손실될 수 있습니다.
  KShape.cpp
E:\Choijiwon\d3d11Study\Source_d3d11\KEngine\KMath.h(550,9): warning C4244: '=': 'double'에서 'float'(으)로 변환하면서 데이터가 손실될 수 있습니다.
  KTexture.cpp
E:\Choijiwon\d3d11Study\Source_d3d11\KEngine\KMath.h(550,9): warning C4244: '=': 'double'에서 'float'(으)로 변환하면서 데이터가 손실될 수 있습니다.
  KCore.cpp
E:\Choijiwon\d3d11Study\Source_d3d11\KEngine\KMath.h(550,9): warning C4244: '=': 'double'에서 'float'(으)로 변환하면서 데이터가 손실될 수 있습니다.
  KDevice.cpp
E:\Choijiwon\d3d11Study\Source_d3d11\KEngine\KMath.h(550,9): warning C4244: '=': 'double'에서 'float'(으)로 변환하면서 데이터가 손실될 수 있습니다.
E:\Choijiwon\d3d11Study\Source_d3d11\KEngine\KDevice.cpp(5,10): warning C4101: 'hr' :참조되지 않은 지역 변수입니다.
E:\Choijiwon\d3d11Study\Source_d3d11\KEngine\KDevice.cpp(39,1): warning C4002: 함수 같은 매크로 호출 'FAILED'에 대해 인수가 너무 많습니다.
E:\Choijiwon\d3d11Study\Source_d3d11\KEngine\KDevice.cpp(120,36): warning C4244: '=': 'UINT'에서 'FLOAT'(으)로 변환하면서 데이터가 손실될 수 있습니다.
E:\Choijiwon\d3d11Study\Source_d3d11\KEngine\KDevice.cpp(121,37): warning C4244: '=': 'UINT'에서 'FLOAT'(으)로 변환하면서 데이터가 손실될 수 있습니다.
  KInput.cpp
E:\Choijiwon\d3d11Study\Source_d3d11\KEngine\KMath.h(550,9): warning C4244: '=': 'double'에서 'float'(으)로 변환하면서 데이터가 손실될 수 있습니다.
  KSound.cpp
  KTimer.cpp
E:\Choijiwon\d3d11Study\Source_d3d11\KEngine\KMath.h(550,9): warning C4244: '=': 'double'에서 'float'(으)로 변환하면서 데이터가 손실될 수 있습니다.
  코드를 생성하고 있습니다...
E:\Choijiwon\d3d11Study\Source_d3d11\KEngine\KDXState.cpp(68): warning C4715: 'KDXState::CreateBlendState': 모든 제어 경로에서 값을 반환하지는 않습니다.
  컴파일하고 있습니다...
  KWindow.cpp
E:\Choijiwon\d3d11Study\Source_d3d11\KEngine\KMath.h(550,9): warning C4244: '=': 'double'에서 'float'(으)로 변환하면서 데이터가 손실될 수 있습니다.
  KWrite.cpp
E:\Choijiwon\d3d11Study\Source_d3d11\KEngine\KMath.h(550,9): warning C4244: '=': 'double'에서 'float'(으)로 변환하면서 데이터가 손실될 수 있습니다.
E:\Choijiwon\d3d11Study\Source_d3d11\KEngine\KWrite.cpp(11,18): warning C4244: '=': 'UINT'에서 'FLOAT'(으)로 변환하면서 데이터가 손실될 수 있습니다.
E:\Choijiwon\d3d11Study\Source_d3d11\KEngine\KWrite.cpp(12,18): warning C4244: '=': 'UINT'에서 'FLOAT'(으)로 변환하면서 데이터가 손실될 수 있습니다.
E:\Choijiwon\d3d11Study\Source_d3d11\KEngine\KWrite.cpp(97,69): warning C4244: '인수': 'LONG'에서 'FLOAT'(으)로 변환하면서 데이터가 손실될 수 있습니다.
E:\Choijiwon\d3d11Study\Source_d3d11\KEngine\KWrite.cpp(97,59): warning C4244: '인수': 'LONG'에서 'FLOAT'(으)로 변환하면서 데이터가 손실될 수 있습니다.
E:\Choijiwon\d3d11Study\Source_d3d11\KEngine\KWrite.cpp(97,51): warning C4244: '인수': 'LONG'에서 'FLOAT'(으)로 변환하면서 데이터가 손실될 수 있습니다.
E:\Choijiwon\d3d11Study\Source_d3d11\KEngine\KWrite.cpp(97,42): warning C4244: '인수': 'LONG'에서 'FLOAT'(으)로 변환하면서 데이터가 손실될 수 있습니다.
E:\Choijiwon\d3d11Study\Source_d3d11\KEngine\KWrite.cpp(102,50): warning C4267: '인수': 'size_t'에서 'UINT32'(으)로 변환하면서 데이터가 손실될 수 있습니다.
E:\Choijiwon\d3d11Study\Source_d3d11\KEngine\KWrite.cpp(107,48): warning C4267: '인수': 'size_t'에서 'UINT32'(으)로 변환하면서 데이터가 손실될 수 있습니다.
  코드를 생성하고 있습니다...
  EngineCoreD.vcxproj -> E:\Choijiwon\d3d11Study\output\EngineCoreD\KEngine.lib
  지정된 파일을 찾을 수 없습니다.
  KCamera.h
  KCore.h
  KDepthStencil.h
  KDevice.h
  KDXState.h
  KFbxObj.h
  KInput.h
  KMap.h
  KMath.h
  KMesh.h
  KModel.h
  KNode.h
  KQuadtree.h
  KRenderTarget.h
  KShape.h
  KSound.h
  KStd.h
  KTexture.h
  KTimer.h
  KWindow.h
  KWrite.h
  VertexBuffer.h
         22개 파일이 복사되었습니다.
