C:\Program Files (x86)\Microsoft Visual Studio\2019\Professional\MSBuild\Microsoft\VC\v160\Microsoft.CppBuild.targets(498,5): warning MSB8004: Intermediate 디렉터리가 슬래시로 끝나지 않습니다. Intermediate 디렉터리의 적절한 평가를 허용하는 데 필요하므로 이 빌드 인스턴스에서 슬래시를 추가합니다.
C:\Program Files (x86)\Microsoft Visual Studio\2019\Professional\MSBuild\Microsoft\VC\v160\Microsoft.CppBuild.targets(499,5): warning MSB8004: Output 디렉터리가 슬래시로 끝나지 않습니다. Output 디렉터리의 적절한 평가를 허용하는 데 필요하므로 이 빌드 인스턴스에서 슬래시를 추가합니다.
  KCamera.cpp
D:\Project\d3d11Study\Source_d3d11\KEngine\KMath.h(550,9): warning C4244: '=': 'double'에서 'float'(으)로 변환하면서 데이터가 손실될 수 있습니다.
  KDepthStencil.cpp
D:\Project\d3d11Study\Source_d3d11\KEngine\KMath.h(550,9): warning C4244: '=': 'double'에서 'float'(으)로 변환하면서 데이터가 손실될 수 있습니다.
  KFbxAnimation.cpp
D:\Project\d3d11Study\Source_d3d11\KEngine\KMath.h(550,9): warning C4244: '=': 'double'에서 'float'(으)로 변환하면서 데이터가 손실될 수 있습니다.
D:\Project\d3d11Study\Source_d3d11\KEngine\KFbxAnimation.cpp(6,41): warning C4244: '=': 'float'에서 'int'(으)로 변환하면서 데이터가 손실될 수 있습니다.
D:\Project\d3d11Study\Source_d3d11\KEngine\KFbxAnimation.cpp(77,72): warning C4244: '인수': 'double'에서 '_Ty'(으)로 변환하면서 데이터가 손실될 수 있습니다.
          with
          [
              _Ty=float
          ]
D:\Project\d3d11Study\Source_d3d11\KEngine\KFbxAnimation.cpp(93,19): warning C4244: '초기화 중': 'double'에서 'float'(으)로 변환하면서 데이터가 손실될 수 있습니다.
  KFbxMeshData.cpp
D:\Project\d3d11Study\Source_d3d11\KEngine\KMath.h(550,9): warning C4244: '=': 'double'에서 'float'(으)로 변환하면서 데이터가 손실될 수 있습니다.
  KFbxObj.cpp
D:\Project\d3d11Study\Source_d3d11\KEngine\KMath.h(550,9): warning C4244: '=': 'double'에서 'float'(으)로 변환하면서 데이터가 손실될 수 있습니다.
D:\Project\d3d11Study\Source_d3d11\KEngine\KFbxObj.cpp(66,32): warning C4244: '=': 'float'에서 'int'(으)로 변환하면서 데이터가 손실될 수 있습니다.
D:\Project\d3d11Study\Source_d3d11\KEngine\KFbxObj.cpp(171,29): warning C4244: '=': 'double'에서 'float'(으)로 변환하면서 데이터가 손실될 수 있습니다.
D:\Project\d3d11Study\Source_d3d11\KEngine\KFbxObj.cpp(183,29): warning C4244: '=': 'double'에서 'float'(으)로 변환하면서 데이터가 손실될 수 있습니다.
D:\Project\d3d11Study\Source_d3d11\KEngine\KFbxObj.cpp(532,33): warning C4244: '=': 'T'에서 'float'(으)로 변환하면서 데이터가 손실될 수 있습니다.
          with
          [
              T=fbxsdk::FbxDouble
          ]
D:\Project\d3d11Study\Source_d3d11\KEngine\KFbxObj.cpp(533,33): warning C4244: '=': 'T'에서 'float'(으)로 변환하면서 데이터가 손실될 수 있습니다.
          with
          [
              T=fbxsdk::FbxDouble
          ]
D:\Project\d3d11Study\Source_d3d11\KEngine\KFbxObj.cpp(534,33): warning C4244: '=': 'T'에서 'float'(으)로 변환하면서 데이터가 손실될 수 있습니다.
          with
          [
              T=fbxsdk::FbxDouble
          ]
D:\Project\d3d11Study\Source_d3d11\KEngine\KFbxObj.cpp(546,32): warning C4244: '=': 'T'에서 'float'(으)로 변환하면서 데이터가 손실될 수 있습니다.
          with
          [
              T=fbxsdk::FbxDouble
          ]
D:\Project\d3d11Study\Source_d3d11\KEngine\KFbxObj.cpp(547,27): warning C4244: '=': 'T'에서 'float'(으)로 변환하면서 데이터가 손실될 수 있습니다.
          with
          [
              T=fbxsdk::FbxDouble
          ]
D:\Project\d3d11Study\Source_d3d11\KEngine\KFbxObj.cpp(560,29): warning C4244: '=': 'double'에서 'float'(으)로 변환하면서 데이터가 손실될 수 있습니다.
D:\Project\d3d11Study\Source_d3d11\KEngine\KFbxObj.cpp(561,29): warning C4244: '=': 'double'에서 'float'(으)로 변환하면서 데이터가 손실될 수 있습니다.
D:\Project\d3d11Study\Source_d3d11\KEngine\KFbxObj.cpp(562,29): warning C4244: '=': 'double'에서 'float'(으)로 변환하면서 데이터가 손실될 수 있습니다.
D:\Project\d3d11Study\Source_d3d11\KEngine\KFbxObj.cpp(575,39): warning C4244: '=': 'T'에서 'float'(으)로 변환하면서 데이터가 손실될 수 있습니다.
          with
          [
              T=fbxsdk::FbxDouble
          ]
D:\Project\d3d11Study\Source_d3d11\KEngine\KFbxObj.cpp(576,39): warning C4244: '=': 'T'에서 'float'(으)로 변환하면서 데이터가 손실될 수 있습니다.
          with
          [
              T=fbxsdk::FbxDouble
          ]
D:\Project\d3d11Study\Source_d3d11\KEngine\KFbxObj.cpp(577,39): warning C4244: '=': 'T'에서 'float'(으)로 변환하면서 데이터가 손실될 수 있습니다.
          with
          [
              T=fbxsdk::FbxDouble
          ]
D:\Project\d3d11Study\Source_d3d11\KEngine\KFbxObj.cpp(584,60): warning C4267: '초기화 중': 'size_t'에서 'int'(으)로 변환하면서 데이터가 손실될 수 있습니다.
D:\Project\d3d11Study\Source_d3d11\KEngine\KFbxObj.cpp(588,56): warning C4244: '=': '_Ty'에서 'float'(으)로 변환하면서 데이터가 손실될 수 있습니다.
          with
          [
              _Ty=int
          ]
  KMap.cpp
D:\Project\d3d11Study\Source_d3d11\KEngine\KMath.h(550,9): warning C4244: '=': 'double'에서 'float'(으)로 변환하면서 데이터가 손실될 수 있습니다.
  KMath.cpp
D:\Project\d3d11Study\Source_d3d11\KEngine\KMath.h(550,9): warning C4244: '=': 'double'에서 'float'(으)로 변환하면서 데이터가 손실될 수 있습니다.
  KMesh.cpp
D:\Project\d3d11Study\Source_d3d11\KEngine\KMath.h(550,9): warning C4244: '=': 'double'에서 'float'(으)로 변환하면서 데이터가 손실될 수 있습니다.
D:\Project\d3d11Study\Source_d3d11\KEngine\KMesh.cpp(28,56): warning C4267: '=': 'size_t'에서 'UINT'(으)로 변환하면서 데이터가 손실될 수 있습니다.
  KModel.cpp
D:\Project\d3d11Study\Source_d3d11\KEngine\KMath.h(550,9): warning C4244: '=': 'double'에서 'float'(으)로 변환하면서 데이터가 손실될 수 있습니다.
D:\Project\d3d11Study\Source_d3d11\KEngine\KModel.cpp(40,24): warning C4477: 'swscanf_s' : 서식 문자열 '%s'에 'unsigned int' 형식의 인수가 필요하지만 variadic 인수 2의 형식이 'unsigned __int64'입니다.
D:\Project\d3d11Study\Source_d3d11\KEngine\KModel.cpp(40,24): message : 이 인수는 버퍼 크기로 사용됩니다.
D:\Project\d3d11Study\Source_d3d11\KEngine\KModel.cpp(92,56): warning C4267: '=': 'size_t'에서 'UINT'(으)로 변환하면서 데이터가 손실될 수 있습니다.
D:\Project\d3d11Study\Source_d3d11\KEngine\KModel.cpp(109,54): warning C4267: '=': 'size_t'에서 'UINT'(으)로 변환하면서 데이터가 손실될 수 있습니다.
D:\Project\d3d11Study\Source_d3d11\KEngine\KModel.cpp(118,37): warning C4267: '=': 'size_t'에서 'UINT'(으)로 변환하면서 데이터가 손실될 수 있습니다.
D:\Project\d3d11Study\Source_d3d11\KEngine\KModel.cpp(178,10): error C3861: 'D3DCompileFromFile': 식별자를 찾을 수 없습니다.
D:\Project\d3d11Study\Source_d3d11\KEngine\KModel.cpp(287,47): warning C4267: '인수': 'size_t'에서 'UINT'(으)로 변환하면서 데이터가 손실될 수 있습니다.
  KNode.cpp
D:\Project\d3d11Study\Source_d3d11\KEngine\KMath.h(550,9): warning C4244: '=': 'double'에서 'float'(으)로 변환하면서 데이터가 손실될 수 있습니다.
  KQuadtree.cpp
D:\Project\d3d11Study\Source_d3d11\KEngine\KMath.h(550,9): warning C4244: '=': 'double'에서 'float'(으)로 변환하면서 데이터가 손실될 수 있습니다.
D:\Project\d3d11Study\Source_d3d11\KEngine\KQuadtree.cpp(36,21): warning C4477: 'swscanf_s' : 서식 문자열 '%s'에 'unsigned int' 형식의 인수가 필요하지만 variadic 인수 2의 형식이 'unsigned __int64'입니다.
D:\Project\d3d11Study\Source_d3d11\KEngine\KQuadtree.cpp(36,21): message : 이 인수는 버퍼 크기로 사용됩니다.
D:\Project\d3d11Study\Source_d3d11\KEngine\KQuadtree.cpp(40,21): warning C4477: 'swscanf_s' : 서식 문자열 '%s'에 'unsigned int' 형식의 인수가 필요하지만 variadic 인수 2의 형식이 'unsigned __int64'입니다.
D:\Project\d3d11Study\Source_d3d11\KEngine\KQuadtree.cpp(40,21): message : 이 인수는 버퍼 크기로 사용됩니다.
D:\Project\d3d11Study\Source_d3d11\KEngine\KQuadtree.cpp(53,23): warning C4477: 'swscanf_s' : 서식 문자열 '%s'에 'unsigned int' 형식의 인수가 필요하지만 variadic 인수 3의 형식이 'unsigned __int64'입니다.
D:\Project\d3d11Study\Source_d3d11\KEngine\KQuadtree.cpp(53,23): message : 이 인수는 버퍼 크기로 사용됩니다.
D:\Project\d3d11Study\Source_d3d11\KEngine\KQuadtree.cpp(84,62): warning C4267: '=': 'size_t'에서 'UINT'(으)로 변환하면서 데이터가 손실될 수 있습니다.
D:\Project\d3d11Study\Source_d3d11\KEngine\KQuadtree.cpp(130,51): warning C4267: '=': 'size_t'에서 'UINT'(으)로 변환하면서 데이터가 손실될 수 있습니다.
D:\Project\d3d11Study\Source_d3d11\KEngine\KQuadtree.cpp(169,66): warning C4267: '=': 'size_t'에서 'UINT'(으)로 변환하면서 데이터가 손실될 수 있습니다.
D:\Project\d3d11Study\Source_d3d11\KEngine\KQuadtree.cpp(225,71): warning C4267: '=': 'size_t'에서 'UINT'(으)로 변환하면서 데이터가 손실될 수 있습니다.
D:\Project\d3d11Study\Source_d3d11\KEngine\KQuadtree.cpp(230,71): warning C4267: '=': 'size_t'에서 'UINT'(으)로 변환하면서 데이터가 손실될 수 있습니다.
D:\Project\d3d11Study\Source_d3d11\KEngine\KQuadtree.cpp(235,34): warning C4267: '=': 'size_t'에서 'UINT'(으)로 변환하면서 데이터가 손실될 수 있습니다.
D:\Project\d3d11Study\Source_d3d11\KEngine\KQuadtree.cpp(258,51): warning C4244: '인수': 'int'에서 'float'(으)로 변환하면서 데이터가 손실될 수 있습니다.
D:\Project\d3d11Study\Source_d3d11\KEngine\KQuadtree.cpp(258,16): warning C4244: '인수': 'int'에서 'float'(으)로 변환하면서 데이터가 손실될 수 있습니다.
D:\Project\d3d11Study\Source_d3d11\KEngine\KQuadtree.cpp(257,48): warning C4244: '인수': 'int'에서 'float'(으)로 변환하면서 데이터가 손실될 수 있습니다.
D:\Project\d3d11Study\Source_d3d11\KEngine\KQuadtree.cpp(262,30): warning C4244: '=': 'double'에서 'UINT'(으)로 변환하면서 데이터가 손실될 수 있습니다.
D:\Project\d3d11Study\Source_d3d11\KEngine\KQuadtree.cpp(263,32): warning C4244: '=': 'double'에서 'UINT'(으)로 변환하면서 데이터가 손실될 수 있습니다.
D:\Project\d3d11Study\Source_d3d11\KEngine\KQuadtree.cpp(299,4): warning C4244: '인수': 'int'에서 'float'(으)로 변환하면서 데이터가 손실될 수 있습니다.
D:\Project\d3d11Study\Source_d3d11\KEngine\KQuadtree.cpp(298,4): warning C4244: '인수': 'int'에서 'float'(으)로 변환하면서 데이터가 손실될 수 있습니다.
D:\Project\d3d11Study\Source_d3d11\KEngine\KQuadtree.cpp(297,4): warning C4244: '인수': 'int'에서 'float'(으)로 변환하면서 데이터가 손실될 수 있습니다.
D:\Project\d3d11Study\Source_d3d11\KEngine\KQuadtree.cpp(296,63): warning C4244: '인수': '_Ty'에서 'float'(으)로 변환하면서 데이터가 손실될 수 있습니다.
          with
          [
              _Ty=DWORD
          ]
D:\Project\d3d11Study\Source_d3d11\KEngine\KQuadtree.cpp(305,4): warning C4244: '인수': 'int'에서 'float'(으)로 변환하면서 데이터가 손실될 수 있습니다.
D:\Project\d3d11Study\Source_d3d11\KEngine\KQuadtree.cpp(304,4): warning C4244: '인수': 'int'에서 'float'(으)로 변환하면서 데이터가 손실될 수 있습니다.
D:\Project\d3d11Study\Source_d3d11\KEngine\KQuadtree.cpp(303,25): warning C4244: '인수': '_Ty'에서 'float'(으)로 변환하면서 데이터가 손실될 수 있습니다.
          with
          [
              _Ty=DWORD
          ]
D:\Project\d3d11Study\Source_d3d11\KEngine\KQuadtree.cpp(302,42): warning C4244: '인수': 'int'에서 'float'(으)로 변환하면서 데이터가 손실될 수 있습니다.
D:\Project\d3d11Study\Source_d3d11\KEngine\KQuadtree.cpp(311,4): warning C4244: '인수': 'int'에서 'float'(으)로 변환하면서 데이터가 손실될 수 있습니다.
D:\Project\d3d11Study\Source_d3d11\KEngine\KQuadtree.cpp(310,25): warning C4244: '인수': '_Ty'에서 'float'(으)로 변환하면서 데이터가 손실될 수 있습니다.
          with
          [
              _Ty=DWORD
          ]
D:\Project\d3d11Study\Source_d3d11\KEngine\KQuadtree.cpp(309,4): warning C4244: '인수': 'int'에서 'float'(으)로 변환하면서 데이터가 손실될 수 있습니다.
D:\Project\d3d11Study\Source_d3d11\KEngine\KQuadtree.cpp(308,42): warning C4244: '인수': 'int'에서 'float'(으)로 변환하면서 데이터가 손실될 수 있습니다.
D:\Project\d3d11Study\Source_d3d11\KEngine\KQuadtree.cpp(317,25): warning C4244: '인수': '_Ty'에서 'float'(으)로 변환하면서 데이터가 손실될 수 있습니다.
          with
          [
              _Ty=DWORD
          ]
D:\Project\d3d11Study\Source_d3d11\KEngine\KQuadtree.cpp(316,4): warning C4244: '인수': 'int'에서 'float'(으)로 변환하면서 데이터가 손실될 수 있습니다.
D:\Project\d3d11Study\Source_d3d11\KEngine\KQuadtree.cpp(315,4): warning C4244: '인수': 'int'에서 'float'(으)로 변환하면서 데이터가 손실될 수 있습니다.
D:\Project\d3d11Study\Source_d3d11\KEngine\KQuadtree.cpp(314,42): warning C4244: '인수': 'int'에서 'float'(으)로 변환하면서 데이터가 손실될 수 있습니다.
D:\Project\d3d11Study\Source_d3d11\KEngine\KQuadtree.cpp(323,19): warning C4018: '<': signed 또는 unsigned가 일치하지 않습니다.
D:\Project\d3d11Study\Source_d3d11\KEngine\KQuadtree.cpp(401,26): warning C4018: '<': signed 또는 unsigned가 일치하지 않습니다.
D:\Project\d3d11Study\Source_d3d11\KEngine\KQuadtree.cpp(417,26): warning C4018: '<': signed 또는 unsigned가 일치하지 않습니다.
D:\Project\d3d11Study\Source_d3d11\KEngine\KQuadtree.cpp(430,33): warning C4244: '인수': 'float'에서 'UINT'(으)로 변환하면서 데이터가 손실될 수 있습니다.
D:\Project\d3d11Study\Source_d3d11\KEngine\KQuadtree.cpp(430,31): warning C4244: '인수': 'float'에서 'UINT'(으)로 변환하면서 데이터가 손실될 수 있습니다.
D:\Project\d3d11Study\Source_d3d11\KEngine\KQuadtree.cpp(430,29): warning C4244: '인수': 'float'에서 'UINT'(으)로 변환하면서 데이터가 손실될 수 있습니다.
D:\Project\d3d11Study\Source_d3d11\KEngine\KQuadtree.cpp(430,27): warning C4244: '인수': 'float'에서 'UINT'(으)로 변환하면서 데이터가 손실될 수 있습니다.
  KRenderTarget.cpp
D:\Project\d3d11Study\Source_d3d11\KEngine\KMath.h(550,9): warning C4244: '=': 'double'에서 'float'(으)로 변환하면서 데이터가 손실될 수 있습니다.
C:\Program Files (x86)\Windows Kits\10\Include\10.0.19041.0\um\wincodec.h(1053,23): error C3646: 'PixelFormat': 알 수 없는 재정의 지정자입니다.
C:\Program Files (x86)\Windows Kits\10\Include\10.0.19041.0\um\wincodec.h(1053,34): error C4430: 형식 지정자가 없습니다. int로 가정합니다. 참고: C++에서는 기본 int를 지원하지 않습니다.
D:\Project\d3d11Study\Source_d3d11\KEngine\KRenderTarget.cpp(140,21): warning C4244: '=': 'UINT'에서 'FLOAT'(으)로 변환하면서 데이터가 손실될 수 있습니다.
D:\Project\d3d11Study\Source_d3d11\KEngine\KRenderTarget.cpp(141,22): warning C4244: '=': 'UINT'에서 'FLOAT'(으)로 변환하면서 데이터가 손실될 수 있습니다.
  KDXState.cpp
D:\Project\d3d11Study\Source_d3d11\KEngine\KMath.h(550,9): warning C4244: '=': 'double'에서 'float'(으)로 변환하면서 데이터가 손실될 수 있습니다.
  KShape.cpp
D:\Project\d3d11Study\Source_d3d11\KEngine\KMath.h(550,9): warning C4244: '=': 'double'에서 'float'(으)로 변환하면서 데이터가 손실될 수 있습니다.
  KTexture.cpp
D:\Project\d3d11Study\Source_d3d11\KEngine\KMath.h(550,9): warning C4244: '=': 'double'에서 'float'(으)로 변환하면서 데이터가 손실될 수 있습니다.
  KCore.cpp
D:\Project\d3d11Study\Source_d3d11\KEngine\KMath.h(550,9): warning C4244: '=': 'double'에서 'float'(으)로 변환하면서 데이터가 손실될 수 있습니다.
D:\Project\d3d11Study\include\D2DErr.h(59,1): warning C4005: 'D2DERR_WRONG_STATE': 매크로 재정의
C:\Program Files (x86)\Windows Kits\10\Include\10.0.19041.0\shared\winerror.h(56930): message : 'D2DERR_WRONG_STATE'의 이전 정의를 참조하십시오.
D:\Project\d3d11Study\include\D2DErr.h(64,1): warning C4005: 'D2DERR_NOT_INITIALIZED': 매크로 재정의
C:\Program Files (x86)\Windows Kits\10\Include\10.0.19041.0\shared\winerror.h(56939): message : 'D2DERR_NOT_INITIALIZED'의 이전 정의를 참조하십시오.
D:\Project\d3d11Study\include\D2DErr.h(69,1): warning C4005: 'D2DERR_UNSUPPORTED_OPERATION': 매크로 재정의
C:\Program Files (x86)\Windows Kits\10\Include\10.0.19041.0\shared\winerror.h(56948): message : 'D2DERR_UNSUPPORTED_OPERATION'의 이전 정의를 참조하십시오.
D:\Project\d3d11Study\include\D2DErr.h(74,1): warning C4005: 'D2DERR_SCANNER_FAILED': 매크로 재정의
C:\Program Files (x86)\Windows Kits\10\Include\10.0.19041.0\shared\winerror.h(56957): message : 'D2DERR_SCANNER_FAILED'의 이전 정의를 참조하십시오.
D:\Project\d3d11Study\include\D2DErr.h(79,1): warning C4005: 'D2DERR_SCREEN_ACCESS_DENIED': 매크로 재정의
C:\Program Files (x86)\Windows Kits\10\Include\10.0.19041.0\shared\winerror.h(56966): message : 'D2DERR_SCREEN_ACCESS_DENIED'의 이전 정의를 참조하십시오.
D:\Project\d3d11Study\include\D2DErr.h(84,1): warning C4005: 'D2DERR_DISPLAY_STATE_INVALID': 매크로 재정의
C:\Program Files (x86)\Windows Kits\10\Include\10.0.19041.0\shared\winerror.h(56975): message : 'D2DERR_DISPLAY_STATE_INVALID'의 이전 정의를 참조하십시오.
D:\Project\d3d11Study\include\D2DErr.h(89,1): warning C4005: 'D2DERR_ZERO_VECTOR': 매크로 재정의
C:\Program Files (x86)\Windows Kits\10\Include\10.0.19041.0\shared\winerror.h(56984): message : 'D2DERR_ZERO_VECTOR'의 이전 정의를 참조하십시오.
D:\Project\d3d11Study\include\D2DErr.h(97,1): warning C4005: 'D2DERR_INTERNAL_ERROR': 매크로 재정의
C:\Program Files (x86)\Windows Kits\10\Include\10.0.19041.0\shared\winerror.h(56993): message : 'D2DERR_INTERNAL_ERROR'의 이전 정의를 참조하십시오.
D:\Project\d3d11Study\include\D2DErr.h(103,1): warning C4005: 'D2DERR_DISPLAY_FORMAT_NOT_SUPPORTED': 매크로 재정의
C:\Program Files (x86)\Windows Kits\10\Include\10.0.19041.0\shared\winerror.h(57002): message : 'D2DERR_DISPLAY_FORMAT_NOT_SUPPORTED'의 이전 정의를 참조하십시오.
D:\Project\d3d11Study\include\D2DErr.h(108,1): warning C4005: 'D2DERR_INVALID_CALL': 매크로 재정의
C:\Program Files (x86)\Windows Kits\10\Include\10.0.19041.0\shared\winerror.h(57011): message : 'D2DERR_INVALID_CALL'의 이전 정의를 참조하십시오.
D:\Project\d3d11Study\include\D2DErr.h(113,1): warning C4005: 'D2DERR_NO_HARDWARE_DEVICE': 매크로 재정의
C:\Program Files (x86)\Windows Kits\10\Include\10.0.19041.0\shared\winerror.h(57020): message : 'D2DERR_NO_HARDWARE_DEVICE'의 이전 정의를 참조하십시오.
D:\Project\d3d11Study\include\D2DErr.h(119,1): warning C4005: 'D2DERR_RECREATE_TARGET': 매크로 재정의
C:\Program Files (x86)\Windows Kits\10\Include\10.0.19041.0\shared\winerror.h(57029): message : 'D2DERR_RECREATE_TARGET'의 이전 정의를 참조하십시오.
D:\Project\d3d11Study\include\D2DErr.h(124,1): warning C4005: 'D2DERR_TOO_MANY_SHADER_ELEMENTS': 매크로 재정의
C:\Program Files (x86)\Windows Kits\10\Include\10.0.19041.0\shared\winerror.h(57038): message : 'D2DERR_TOO_MANY_SHADER_ELEMENTS'의 이전 정의를 참조하십시오.
D:\Project\d3d11Study\include\D2DErr.h(129,1): warning C4005: 'D2DERR_SHADER_COMPILE_FAILED': 매크로 재정의
C:\Program Files (x86)\Windows Kits\10\Include\10.0.19041.0\shared\winerror.h(57047): message : 'D2DERR_SHADER_COMPILE_FAILED'의 이전 정의를 참조하십시오.
D:\Project\d3d11Study\include\D2DErr.h(134,1): warning C4005: 'D2DERR_MAX_TEXTURE_SIZE_EXCEEDED': 매크로 재정의
C:\Program Files (x86)\Windows Kits\10\Include\10.0.19041.0\shared\winerror.h(57056): message : 'D2DERR_MAX_TEXTURE_SIZE_EXCEEDED'의 이전 정의를 참조하십시오.
D:\Project\d3d11Study\include\D2DErr.h(139,1): warning C4005: 'D2DERR_UNSUPPORTED_VERSION': 매크로 재정의
C:\Program Files (x86)\Windows Kits\10\Include\10.0.19041.0\shared\winerror.h(57065): message : 'D2DERR_UNSUPPORTED_VERSION'의 이전 정의를 참조하십시오.
D:\Project\d3d11Study\include\D2DErr.h(144,1): warning C4005: 'D2DERR_BAD_NUMBER': 매크로 재정의
C:\Program Files (x86)\Windows Kits\10\Include\10.0.19041.0\shared\winerror.h(57074): message : 'D2DERR_BAD_NUMBER'의 이전 정의를 참조하십시오.
D:\Project\d3d11Study\include\D2DErr.h(149,1): warning C4005: 'D2DERR_WRONG_FACTORY': 매크로 재정의
C:\Program Files (x86)\Windows Kits\10\Include\10.0.19041.0\shared\winerror.h(57083): message : 'D2DERR_WRONG_FACTORY'의 이전 정의를 참조하십시오.
D:\Project\d3d11Study\include\D2DErr.h(154,1): warning C4005: 'D2DERR_LAYER_ALREADY_IN_USE': 매크로 재정의
C:\Program Files (x86)\Windows Kits\10\Include\10.0.19041.0\shared\winerror.h(57092): message : 'D2DERR_LAYER_ALREADY_IN_USE'의 이전 정의를 참조하십시오.
D:\Project\d3d11Study\include\D2DErr.h(159,1): warning C4005: 'D2DERR_POP_CALL_DID_NOT_MATCH_PUSH': 매크로 재정의
C:\Program Files (x86)\Windows Kits\10\Include\10.0.19041.0\shared\winerror.h(57101): message : 'D2DERR_POP_CALL_DID_NOT_MATCH_PUSH'의 이전 정의를 참조하십시오.
D:\Project\d3d11Study\include\D2DErr.h(164,1): warning C4005: 'D2DERR_WRONG_RESOURCE_DOMAIN': 매크로 재정의
C:\Program Files (x86)\Windows Kits\10\Include\10.0.19041.0\shared\winerror.h(57110): message : 'D2DERR_WRONG_RESOURCE_DOMAIN'의 이전 정의를 참조하십시오.
D:\Project\d3d11Study\include\D2DErr.h(169,1): warning C4005: 'D2DERR_PUSH_POP_UNBALANCED': 매크로 재정의
C:\Program Files (x86)\Windows Kits\10\Include\10.0.19041.0\shared\winerror.h(57119): message : 'D2DERR_PUSH_POP_UNBALANCED'의 이전 정의를 참조하십시오.
D:\Project\d3d11Study\include\D2DErr.h(174,1): warning C4005: 'D2DERR_RENDER_TARGET_HAS_LAYER_OR_CLIPRECT': 매크로 재정의
C:\Program Files (x86)\Windows Kits\10\Include\10.0.19041.0\shared\winerror.h(57128): message : 'D2DERR_RENDER_TARGET_HAS_LAYER_OR_CLIPRECT'의 이전 정의를 참조하십시오.
D:\Project\d3d11Study\include\D2DErr.h(179,1): warning C4005: 'D2DERR_INCOMPATIBLE_BRUSH_TYPES': 매크로 재정의
C:\Program Files (x86)\Windows Kits\10\Include\10.0.19041.0\shared\winerror.h(57137): message : 'D2DERR_INCOMPATIBLE_BRUSH_TYPES'의 이전 정의를 참조하십시오.
D:\Project\d3d11Study\include\D2DErr.h(184,1): warning C4005: 'D2DERR_WIN32_ERROR': 매크로 재정의
C:\Program Files (x86)\Windows Kits\10\Include\10.0.19041.0\shared\winerror.h(57146): message : 'D2DERR_WIN32_ERROR'의 이전 정의를 참조하십시오.
D:\Project\d3d11Study\include\D2DErr.h(189,1): warning C4005: 'D2DERR_TARGET_NOT_GDI_COMPATIBLE': 매크로 재정의
C:\Program Files (x86)\Windows Kits\10\Include\10.0.19041.0\shared\winerror.h(57155): message : 'D2DERR_TARGET_NOT_GDI_COMPATIBLE'의 이전 정의를 참조하십시오.
D:\Project\d3d11Study\include\D2DErr.h(194,1): warning C4005: 'D2DERR_TEXT_EFFECT_IS_WRONG_TYPE': 매크로 재정의
C:\Program Files (x86)\Windows Kits\10\Include\10.0.19041.0\shared\winerror.h(57164): message : 'D2DERR_TEXT_EFFECT_IS_WRONG_TYPE'의 이전 정의를 참조하십시오.
D:\Project\d3d11Study\include\D2DErr.h(201,1): warning C4005: 'D2DERR_TEXT_RENDERER_NOT_RELEASED': 매크로 재정의
C:\Program Files (x86)\Windows Kits\10\Include\10.0.19041.0\shared\winerror.h(57173): message : 'D2DERR_TEXT_RENDERER_NOT_RELEASED'의 이전 정의를 참조하십시오.
D:\Project\d3d11Study\include\D2DErr.h(206,1): warning C4005: 'D2DERR_EXCEEDS_MAX_BITMAP_SIZE': 매크로 재정의
C:\Program Files (x86)\Windows Kits\10\Include\10.0.19041.0\shared\winerror.h(57182): message : 'D2DERR_EXCEEDS_MAX_BITMAP_SIZE'의 이전 정의를 참조하십시오.
D:\Project\d3d11Study\include\dwrite.h(4962,1): warning C4005: 'DWRITE_E_FILEFORMAT': 매크로 재정의
C:\Program Files (x86)\Windows Kits\10\Include\10.0.19041.0\shared\winerror.h(57349): message : 'DWRITE_E_FILEFORMAT'의 이전 정의를 참조하십시오.
D:\Project\d3d11Study\include\dwrite.h(4967,1): warning C4005: 'DWRITE_E_UNEXPECTED': 매크로 재정의
C:\Program Files (x86)\Windows Kits\10\Include\10.0.19041.0\shared\winerror.h(57358): message : 'DWRITE_E_UNEXPECTED'의 이전 정의를 참조하십시오.
D:\Project\d3d11Study\include\dwrite.h(4972,1): warning C4005: 'DWRITE_E_NOFONT': 매크로 재정의
C:\Program Files (x86)\Windows Kits\10\Include\10.0.19041.0\shared\winerror.h(57367): message : 'DWRITE_E_NOFONT'의 이전 정의를 참조하십시오.
D:\Project\d3d11Study\include\dwrite.h(4978,1): warning C4005: 'DWRITE_E_FILENOTFOUND': 매크로 재정의
C:\Program Files (x86)\Windows Kits\10\Include\10.0.19041.0\shared\winerror.h(57376): message : 'DWRITE_E_FILENOTFOUND'의 이전 정의를 참조하십시오.
D:\Project\d3d11Study\include\dwrite.h(4983,1): warning C4005: 'DWRITE_E_FILEACCESS': 매크로 재정의
C:\Program Files (x86)\Windows Kits\10\Include\10.0.19041.0\shared\winerror.h(57385): message : 'DWRITE_E_FILEACCESS'의 이전 정의를 참조하십시오.
D:\Project\d3d11Study\include\dwrite.h(4988,1): warning C4005: 'DWRITE_E_FONTCOLLECTIONOBSOLETE': 매크로 재정의
C:\Program Files (x86)\Windows Kits\10\Include\10.0.19041.0\shared\winerror.h(57394): message : 'DWRITE_E_FONTCOLLECTIONOBSOLETE'의 이전 정의를 참조하십시오.
D:\Project\d3d11Study\include\dwrite.h(4993,1): warning C4005: 'DWRITE_E_ALREADYREGISTERED': 매크로 재정의
C:\Program Files (x86)\Windows Kits\10\Include\10.0.19041.0\shared\winerror.h(57403): message : 'DWRITE_E_ALREADYREGISTERED'의 이전 정의를 참조하십시오.
  KDevice.cpp
D:\Project\d3d11Study\Source_d3d11\KEngine\KMath.h(550,9): warning C4244: '=': 'double'에서 'float'(으)로 변환하면서 데이터가 손실될 수 있습니다.
D:\Project\d3d11Study\Source_d3d11\KEngine\KDevice.cpp(5,10): warning C4101: 'hr' :참조되지 않은 지역 변수입니다.
D:\Project\d3d11Study\Source_d3d11\KEngine\KDevice.cpp(39,1): warning C4002: 함수 같은 매크로 호출 'FAILED'에 대해 인수가 너무 많습니다.
D:\Project\d3d11Study\Source_d3d11\KEngine\KDevice.cpp(120,36): warning C4244: '=': 'UINT'에서 'FLOAT'(으)로 변환하면서 데이터가 손실될 수 있습니다.
D:\Project\d3d11Study\Source_d3d11\KEngine\KDevice.cpp(121,37): warning C4244: '=': 'UINT'에서 'FLOAT'(으)로 변환하면서 데이터가 손실될 수 있습니다.
  KInput.cpp
D:\Project\d3d11Study\Source_d3d11\KEngine\KMath.h(550,9): warning C4244: '=': 'double'에서 'float'(으)로 변환하면서 데이터가 손실될 수 있습니다.
  KSound.cpp
  KTimer.cpp
D:\Project\d3d11Study\Source_d3d11\KEngine\KMath.h(550,9): warning C4244: '=': 'double'에서 'float'(으)로 변환하면서 데이터가 손실될 수 있습니다.
  코드를 생성하고 있습니다...
D:\Project\d3d11Study\Source_d3d11\KEngine\KDXState.cpp(68): warning C4715: 'KDXState::CreateBlendState': 모든 제어 경로에서 값을 반환하지는 않습니다.
  컴파일하고 있습니다...
  KWindow.cpp
D:\Project\d3d11Study\Source_d3d11\KEngine\KMath.h(550,9): warning C4244: '=': 'double'에서 'float'(으)로 변환하면서 데이터가 손실될 수 있습니다.
  KWrite.cpp
D:\Project\d3d11Study\Source_d3d11\KEngine\KMath.h(550,9): warning C4244: '=': 'double'에서 'float'(으)로 변환하면서 데이터가 손실될 수 있습니다.
D:\Project\d3d11Study\include\D2DErr.h(59,1): warning C4005: 'D2DERR_WRONG_STATE': 매크로 재정의
C:\Program Files (x86)\Windows Kits\10\Include\10.0.19041.0\shared\winerror.h(56930): message : 'D2DERR_WRONG_STATE'의 이전 정의를 참조하십시오.
D:\Project\d3d11Study\include\D2DErr.h(64,1): warning C4005: 'D2DERR_NOT_INITIALIZED': 매크로 재정의
C:\Program Files (x86)\Windows Kits\10\Include\10.0.19041.0\shared\winerror.h(56939): message : 'D2DERR_NOT_INITIALIZED'의 이전 정의를 참조하십시오.
D:\Project\d3d11Study\include\D2DErr.h(69,1): warning C4005: 'D2DERR_UNSUPPORTED_OPERATION': 매크로 재정의
C:\Program Files (x86)\Windows Kits\10\Include\10.0.19041.0\shared\winerror.h(56948): message : 'D2DERR_UNSUPPORTED_OPERATION'의 이전 정의를 참조하십시오.
D:\Project\d3d11Study\include\D2DErr.h(74,1): warning C4005: 'D2DERR_SCANNER_FAILED': 매크로 재정의
C:\Program Files (x86)\Windows Kits\10\Include\10.0.19041.0\shared\winerror.h(56957): message : 'D2DERR_SCANNER_FAILED'의 이전 정의를 참조하십시오.
D:\Project\d3d11Study\include\D2DErr.h(79,1): warning C4005: 'D2DERR_SCREEN_ACCESS_DENIED': 매크로 재정의
C:\Program Files (x86)\Windows Kits\10\Include\10.0.19041.0\shared\winerror.h(56966): message : 'D2DERR_SCREEN_ACCESS_DENIED'의 이전 정의를 참조하십시오.
D:\Project\d3d11Study\include\D2DErr.h(84,1): warning C4005: 'D2DERR_DISPLAY_STATE_INVALID': 매크로 재정의
C:\Program Files (x86)\Windows Kits\10\Include\10.0.19041.0\shared\winerror.h(56975): message : 'D2DERR_DISPLAY_STATE_INVALID'의 이전 정의를 참조하십시오.
D:\Project\d3d11Study\include\D2DErr.h(89,1): warning C4005: 'D2DERR_ZERO_VECTOR': 매크로 재정의
C:\Program Files (x86)\Windows Kits\10\Include\10.0.19041.0\shared\winerror.h(56984): message : 'D2DERR_ZERO_VECTOR'의 이전 정의를 참조하십시오.
D:\Project\d3d11Study\include\D2DErr.h(97,1): warning C4005: 'D2DERR_INTERNAL_ERROR': 매크로 재정의
C:\Program Files (x86)\Windows Kits\10\Include\10.0.19041.0\shared\winerror.h(56993): message : 'D2DERR_INTERNAL_ERROR'의 이전 정의를 참조하십시오.
D:\Project\d3d11Study\include\D2DErr.h(103,1): warning C4005: 'D2DERR_DISPLAY_FORMAT_NOT_SUPPORTED': 매크로 재정의
C:\Program Files (x86)\Windows Kits\10\Include\10.0.19041.0\shared\winerror.h(57002): message : 'D2DERR_DISPLAY_FORMAT_NOT_SUPPORTED'의 이전 정의를 참조하십시오.
D:\Project\d3d11Study\include\D2DErr.h(108,1): warning C4005: 'D2DERR_INVALID_CALL': 매크로 재정의
C:\Program Files (x86)\Windows Kits\10\Include\10.0.19041.0\shared\winerror.h(57011): message : 'D2DERR_INVALID_CALL'의 이전 정의를 참조하십시오.
D:\Project\d3d11Study\include\D2DErr.h(113,1): warning C4005: 'D2DERR_NO_HARDWARE_DEVICE': 매크로 재정의
C:\Program Files (x86)\Windows Kits\10\Include\10.0.19041.0\shared\winerror.h(57020): message : 'D2DERR_NO_HARDWARE_DEVICE'의 이전 정의를 참조하십시오.
D:\Project\d3d11Study\include\D2DErr.h(119,1): warning C4005: 'D2DERR_RECREATE_TARGET': 매크로 재정의
C:\Program Files (x86)\Windows Kits\10\Include\10.0.19041.0\shared\winerror.h(57029): message : 'D2DERR_RECREATE_TARGET'의 이전 정의를 참조하십시오.
D:\Project\d3d11Study\include\D2DErr.h(124,1): warning C4005: 'D2DERR_TOO_MANY_SHADER_ELEMENTS': 매크로 재정의
C:\Program Files (x86)\Windows Kits\10\Include\10.0.19041.0\shared\winerror.h(57038): message : 'D2DERR_TOO_MANY_SHADER_ELEMENTS'의 이전 정의를 참조하십시오.
D:\Project\d3d11Study\include\D2DErr.h(129,1): warning C4005: 'D2DERR_SHADER_COMPILE_FAILED': 매크로 재정의
C:\Program Files (x86)\Windows Kits\10\Include\10.0.19041.0\shared\winerror.h(57047): message : 'D2DERR_SHADER_COMPILE_FAILED'의 이전 정의를 참조하십시오.
D:\Project\d3d11Study\include\D2DErr.h(134,1): warning C4005: 'D2DERR_MAX_TEXTURE_SIZE_EXCEEDED': 매크로 재정의
C:\Program Files (x86)\Windows Kits\10\Include\10.0.19041.0\shared\winerror.h(57056): message : 'D2DERR_MAX_TEXTURE_SIZE_EXCEEDED'의 이전 정의를 참조하십시오.
D:\Project\d3d11Study\include\D2DErr.h(139,1): warning C4005: 'D2DERR_UNSUPPORTED_VERSION': 매크로 재정의
C:\Program Files (x86)\Windows Kits\10\Include\10.0.19041.0\shared\winerror.h(57065): message : 'D2DERR_UNSUPPORTED_VERSION'의 이전 정의를 참조하십시오.
D:\Project\d3d11Study\include\D2DErr.h(144,1): warning C4005: 'D2DERR_BAD_NUMBER': 매크로 재정의
C:\Program Files (x86)\Windows Kits\10\Include\10.0.19041.0\shared\winerror.h(57074): message : 'D2DERR_BAD_NUMBER'의 이전 정의를 참조하십시오.
D:\Project\d3d11Study\include\D2DErr.h(149,1): warning C4005: 'D2DERR_WRONG_FACTORY': 매크로 재정의
C:\Program Files (x86)\Windows Kits\10\Include\10.0.19041.0\shared\winerror.h(57083): message : 'D2DERR_WRONG_FACTORY'의 이전 정의를 참조하십시오.
D:\Project\d3d11Study\include\D2DErr.h(154,1): warning C4005: 'D2DERR_LAYER_ALREADY_IN_USE': 매크로 재정의
C:\Program Files (x86)\Windows Kits\10\Include\10.0.19041.0\shared\winerror.h(57092): message : 'D2DERR_LAYER_ALREADY_IN_USE'의 이전 정의를 참조하십시오.
D:\Project\d3d11Study\include\D2DErr.h(159,1): warning C4005: 'D2DERR_POP_CALL_DID_NOT_MATCH_PUSH': 매크로 재정의
C:\Program Files (x86)\Windows Kits\10\Include\10.0.19041.0\shared\winerror.h(57101): message : 'D2DERR_POP_CALL_DID_NOT_MATCH_PUSH'의 이전 정의를 참조하십시오.
D:\Project\d3d11Study\include\D2DErr.h(164,1): warning C4005: 'D2DERR_WRONG_RESOURCE_DOMAIN': 매크로 재정의
C:\Program Files (x86)\Windows Kits\10\Include\10.0.19041.0\shared\winerror.h(57110): message : 'D2DERR_WRONG_RESOURCE_DOMAIN'의 이전 정의를 참조하십시오.
D:\Project\d3d11Study\include\D2DErr.h(169,1): warning C4005: 'D2DERR_PUSH_POP_UNBALANCED': 매크로 재정의
C:\Program Files (x86)\Windows Kits\10\Include\10.0.19041.0\shared\winerror.h(57119): message : 'D2DERR_PUSH_POP_UNBALANCED'의 이전 정의를 참조하십시오.
D:\Project\d3d11Study\include\D2DErr.h(174,1): warning C4005: 'D2DERR_RENDER_TARGET_HAS_LAYER_OR_CLIPRECT': 매크로 재정의
C:\Program Files (x86)\Windows Kits\10\Include\10.0.19041.0\shared\winerror.h(57128): message : 'D2DERR_RENDER_TARGET_HAS_LAYER_OR_CLIPRECT'의 이전 정의를 참조하십시오.
D:\Project\d3d11Study\include\D2DErr.h(179,1): warning C4005: 'D2DERR_INCOMPATIBLE_BRUSH_TYPES': 매크로 재정의
C:\Program Files (x86)\Windows Kits\10\Include\10.0.19041.0\shared\winerror.h(57137): message : 'D2DERR_INCOMPATIBLE_BRUSH_TYPES'의 이전 정의를 참조하십시오.
D:\Project\d3d11Study\include\D2DErr.h(184,1): warning C4005: 'D2DERR_WIN32_ERROR': 매크로 재정의
C:\Program Files (x86)\Windows Kits\10\Include\10.0.19041.0\shared\winerror.h(57146): message : 'D2DERR_WIN32_ERROR'의 이전 정의를 참조하십시오.
D:\Project\d3d11Study\include\D2DErr.h(189,1): warning C4005: 'D2DERR_TARGET_NOT_GDI_COMPATIBLE': 매크로 재정의
C:\Program Files (x86)\Windows Kits\10\Include\10.0.19041.0\shared\winerror.h(57155): message : 'D2DERR_TARGET_NOT_GDI_COMPATIBLE'의 이전 정의를 참조하십시오.
D:\Project\d3d11Study\include\D2DErr.h(194,1): warning C4005: 'D2DERR_TEXT_EFFECT_IS_WRONG_TYPE': 매크로 재정의
C:\Program Files (x86)\Windows Kits\10\Include\10.0.19041.0\shared\winerror.h(57164): message : 'D2DERR_TEXT_EFFECT_IS_WRONG_TYPE'의 이전 정의를 참조하십시오.
D:\Project\d3d11Study\include\D2DErr.h(201,1): warning C4005: 'D2DERR_TEXT_RENDERER_NOT_RELEASED': 매크로 재정의
C:\Program Files (x86)\Windows Kits\10\Include\10.0.19041.0\shared\winerror.h(57173): message : 'D2DERR_TEXT_RENDERER_NOT_RELEASED'의 이전 정의를 참조하십시오.
D:\Project\d3d11Study\include\D2DErr.h(206,1): warning C4005: 'D2DERR_EXCEEDS_MAX_BITMAP_SIZE': 매크로 재정의
C:\Program Files (x86)\Windows Kits\10\Include\10.0.19041.0\shared\winerror.h(57182): message : 'D2DERR_EXCEEDS_MAX_BITMAP_SIZE'의 이전 정의를 참조하십시오.
D:\Project\d3d11Study\include\dwrite.h(4962,1): warning C4005: 'DWRITE_E_FILEFORMAT': 매크로 재정의
C:\Program Files (x86)\Windows Kits\10\Include\10.0.19041.0\shared\winerror.h(57349): message : 'DWRITE_E_FILEFORMAT'의 이전 정의를 참조하십시오.
D:\Project\d3d11Study\include\dwrite.h(4967,1): warning C4005: 'DWRITE_E_UNEXPECTED': 매크로 재정의
C:\Program Files (x86)\Windows Kits\10\Include\10.0.19041.0\shared\winerror.h(57358): message : 'DWRITE_E_UNEXPECTED'의 이전 정의를 참조하십시오.
D:\Project\d3d11Study\include\dwrite.h(4972,1): warning C4005: 'DWRITE_E_NOFONT': 매크로 재정의
C:\Program Files (x86)\Windows Kits\10\Include\10.0.19041.0\shared\winerror.h(57367): message : 'DWRITE_E_NOFONT'의 이전 정의를 참조하십시오.
D:\Project\d3d11Study\include\dwrite.h(4978,1): warning C4005: 'DWRITE_E_FILENOTFOUND': 매크로 재정의
C:\Program Files (x86)\Windows Kits\10\Include\10.0.19041.0\shared\winerror.h(57376): message : 'DWRITE_E_FILENOTFOUND'의 이전 정의를 참조하십시오.
D:\Project\d3d11Study\include\dwrite.h(4983,1): warning C4005: 'DWRITE_E_FILEACCESS': 매크로 재정의
C:\Program Files (x86)\Windows Kits\10\Include\10.0.19041.0\shared\winerror.h(57385): message : 'DWRITE_E_FILEACCESS'의 이전 정의를 참조하십시오.
D:\Project\d3d11Study\include\dwrite.h(4988,1): warning C4005: 'DWRITE_E_FONTCOLLECTIONOBSOLETE': 매크로 재정의
C:\Program Files (x86)\Windows Kits\10\Include\10.0.19041.0\shared\winerror.h(57394): message : 'DWRITE_E_FONTCOLLECTIONOBSOLETE'의 이전 정의를 참조하십시오.
D:\Project\d3d11Study\include\dwrite.h(4993,1): warning C4005: 'DWRITE_E_ALREADYREGISTERED': 매크로 재정의
C:\Program Files (x86)\Windows Kits\10\Include\10.0.19041.0\shared\winerror.h(57403): message : 'DWRITE_E_ALREADYREGISTERED'의 이전 정의를 참조하십시오.
D:\Project\d3d11Study\Source_d3d11\KEngine\KWrite.cpp(11,18): warning C4244: '=': 'UINT'에서 'FLOAT'(으)로 변환하면서 데이터가 손실될 수 있습니다.
D:\Project\d3d11Study\Source_d3d11\KEngine\KWrite.cpp(12,18): warning C4244: '=': 'UINT'에서 'FLOAT'(으)로 변환하면서 데이터가 손실될 수 있습니다.
D:\Project\d3d11Study\Source_d3d11\KEngine\KWrite.cpp(97,69): warning C4244: '인수': 'LONG'에서 'FLOAT'(으)로 변환하면서 데이터가 손실될 수 있습니다.
D:\Project\d3d11Study\Source_d3d11\KEngine\KWrite.cpp(97,59): warning C4244: '인수': 'LONG'에서 'FLOAT'(으)로 변환하면서 데이터가 손실될 수 있습니다.
D:\Project\d3d11Study\Source_d3d11\KEngine\KWrite.cpp(97,51): warning C4244: '인수': 'LONG'에서 'FLOAT'(으)로 변환하면서 데이터가 손실될 수 있습니다.
D:\Project\d3d11Study\Source_d3d11\KEngine\KWrite.cpp(97,42): warning C4244: '인수': 'LONG'에서 'FLOAT'(으)로 변환하면서 데이터가 손실될 수 있습니다.
D:\Project\d3d11Study\Source_d3d11\KEngine\KWrite.cpp(102,50): warning C4267: '인수': 'size_t'에서 'UINT'(으)로 변환하면서 데이터가 손실될 수 있습니다.
D:\Project\d3d11Study\Source_d3d11\KEngine\KWrite.cpp(107,48): warning C4267: '인수': 'size_t'에서 'UINT'(으)로 변환하면서 데이터가 손실될 수 있습니다.
  코드를 생성하고 있습니다...
