C:\Program Files (x86)\Microsoft Visual Studio\2019\Professional\MSBuild\Microsoft\VC\v160\Microsoft.CppBuild.targets(498,5): warning MSB8004: Intermediate 디렉터리가 슬래시로 끝나지 않습니다. Intermediate 디렉터리의 적절한 평가를 허용하는 데 필요하므로 이 빌드 인스턴스에서 슬래시를 추가합니다.
C:\Program Files (x86)\Microsoft Visual Studio\2019\Professional\MSBuild\Microsoft\VC\v160\Microsoft.CppBuild.targets(499,5): warning MSB8004: Output 디렉터리가 슬래시로 끝나지 않습니다. Output 디렉터리의 적절한 평가를 허용하는 데 필요하므로 이 빌드 인스턴스에서 슬래시를 추가합니다.
C:\Program Files (x86)\Microsoft Visual Studio\2019\Professional\MSBuild\Microsoft\VC\v160\Microsoft.CppBuild.targets(513,5): warning MSB8028: 중간 디렉터리(../../output/SampleLib_ShadowDepth\)에 다른 프로젝트(Sample_LightShadow.vcxproj)에서 공유하는 파일이 포함되어 있습니다.  이로 인해 잘못된 정리 및 다시 빌드 동작이 수행될 수 있습니다.
  KCore.cpp
  KDevice.cpp
E:\Choijiwon\d3d11Study\Source_d3d11\Sample_imGui\KDevice.cpp(5,10): warning C4101: 'hr' :참조되지 않은 지역 변수입니다.
E:\Choijiwon\d3d11Study\Source_d3d11\Sample_imGui\KDevice.cpp(95,1): warning C4002: 함수 같은 매크로 호출 'FAILED'에 대해 인수가 너무 많습니다.
E:\Choijiwon\d3d11Study\Source_d3d11\Sample_imGui\KDevice.cpp(121,36): warning C4244: '=': 'UINT'에서 'FLOAT'(으)로 변환하면서 데이터가 손실될 수 있습니다.
E:\Choijiwon\d3d11Study\Source_d3d11\Sample_imGui\KDevice.cpp(122,37): warning C4244: '=': 'UINT'에서 'FLOAT'(으)로 변환하면서 데이터가 손실될 수 있습니다.
  KInput.cpp
  KSound.cpp
  KTimer.cpp
  KWindow.cpp
  KWrite.cpp
E:\Choijiwon\d3d11Study\Source_d3d11\Sample_imGui\KWrite.cpp(11,18): warning C4244: '=': 'UINT'에서 'FLOAT'(으)로 변환하면서 데이터가 손실될 수 있습니다.
E:\Choijiwon\d3d11Study\Source_d3d11\Sample_imGui\KWrite.cpp(12,18): warning C4244: '=': 'UINT'에서 'FLOAT'(으)로 변환하면서 데이터가 손실될 수 있습니다.
E:\Choijiwon\d3d11Study\Source_d3d11\Sample_imGui\KWrite.cpp(95,69): warning C4244: '인수': 'LONG'에서 'FLOAT'(으)로 변환하면서 데이터가 손실될 수 있습니다.
E:\Choijiwon\d3d11Study\Source_d3d11\Sample_imGui\KWrite.cpp(95,59): warning C4244: '인수': 'LONG'에서 'FLOAT'(으)로 변환하면서 데이터가 손실될 수 있습니다.
E:\Choijiwon\d3d11Study\Source_d3d11\Sample_imGui\KWrite.cpp(95,51): warning C4244: '인수': 'LONG'에서 'FLOAT'(으)로 변환하면서 데이터가 손실될 수 있습니다.
E:\Choijiwon\d3d11Study\Source_d3d11\Sample_imGui\KWrite.cpp(95,42): warning C4244: '인수': 'LONG'에서 'FLOAT'(으)로 변환하면서 데이터가 손실될 수 있습니다.
E:\Choijiwon\d3d11Study\Source_d3d11\Sample_imGui\KWrite.cpp(100,50): warning C4267: '인수': 'size_t'에서 'UINT32'(으)로 변환하면서 데이터가 손실될 수 있습니다.
E:\Choijiwon\d3d11Study\Source_d3d11\Sample_imGui\KWrite.cpp(105,48): warning C4267: '인수': 'size_t'에서 'UINT32'(으)로 변환하면서 데이터가 손실될 수 있습니다.
  코드를 생성하고 있습니다...
MSVCRTD.lib(exe_winmain.obj) : error LNK2019: WinMain"int __cdecl invoke_main(void)" (?invoke_main@@YAHXZ) 함수에서 참조되는 확인할 수 없는 외부 기호
..\..\output\SampleLib_ShadowDepth\Sample_imgui.exe : fatal error LNK1120: 1개의 확인할 수 없는 외부 참조입니다.
