e:\choijiwon\d3d11study\output\camera\vc142.pdb
e:\choijiwon\d3d11study\output\camera\vc142.idb
e:\choijiwon\d3d11study\output\camera\sample.obj
e:\choijiwon\d3d11study\output\camera\kmath.obj
e:\choijiwon\d3d11study\output\camera\kwrite.obj
e:\choijiwon\d3d11study\output\camera\kwindow.obj
e:\choijiwon\d3d11study\output\camera\ktimer.obj
e:\choijiwon\d3d11study\output\camera\kstate.obj
e:\choijiwon\d3d11study\output\camera\ksound.obj
e:\choijiwon\d3d11study\output\camera\kinput.obj
e:\choijiwon\d3d11study\output\camera\kdevice.obj
e:\choijiwon\d3d11study\output\camera\kcore.obj
e:\choijiwon\d3d11study\output\camera\kcamera.obj
e:\choijiwon\d3d11study\output\camera\imgui_widgets.obj
e:\choijiwon\d3d11study\output\camera\imgui_impl_win32.obj
e:\choijiwon\d3d11study\output\camera\imgui_impl_dx11.obj
e:\choijiwon\d3d11study\output\camera\imgui_draw.obj
e:\choijiwon\d3d11study\output\camera\imgui_demo.obj
e:\choijiwon\d3d11study\output\camera\imgui.obj
e:\choijiwon\d3d11study\output\camera\imguimanager.obj
e:\choijiwon\d3d11study\source_d3d11\sample_camera\pixelshader.cso
e:\choijiwon\d3d11study\source_d3d11\sample_camera\vertexshader.cso
e:\choijiwon\d3d11study\output\camera\sample_camera.exe
e:\choijiwon\d3d11study\output\camera\sample_camera.ilk
e:\choijiwon\d3d11study\output\camera\sample_camera.pdb
e:\choijiwon\d3d11study\output\camera\sample_camera.res
e:\choijiwon\d3d11study\output\camera\../../output/camera/sample_camera.pdb
e:\choijiwon\d3d11study\output\camera\../../output/camera/sample_camera.ilk
e:\choijiwon\d3d11study\output\camera\sample_camera.tlog\cl.command.1.tlog
e:\choijiwon\d3d11study\output\camera\sample_camera.tlog\cl.read.1.tlog
e:\choijiwon\d3d11study\output\camera\sample_camera.tlog\cl.write.1.tlog
e:\choijiwon\d3d11study\output\camera\sample_camera.tlog\fxc.command.1.tlog
e:\choijiwon\d3d11study\output\camera\sample_camera.tlog\fxc.read.1.tlog
e:\choijiwon\d3d11study\output\camera\sample_camera.tlog\fxc.write.1.tlog
e:\choijiwon\d3d11study\output\camera\sample_camera.tlog\link.command.1.tlog
e:\choijiwon\d3d11study\output\camera\sample_camera.tlog\link.read.1.tlog
e:\choijiwon\d3d11study\output\camera\sample_camera.tlog\link.write.1.tlog
e:\choijiwon\d3d11study\output\camera\sample_camera.tlog\rc.command.1.tlog
e:\choijiwon\d3d11study\output\camera\sample_camera.tlog\rc.read.1.tlog
e:\choijiwon\d3d11study\output\camera\sample_camera.tlog\rc.write.1.tlog
